<?xml version="1.0" encoding="UTF-8"?>
<testsuite name="com.example.demo.MathServiceTest" tests="5" skipped="0" failures="0" errors="0" timestamp="2024-12-25T19:33:37" hostname="192.168.1.12" time="1.46">
  <properties/>
  <testcase name="testMultiplication()" classname="com.example.demo.MathServiceTest" time="1.283"/>
  <testcase name="testAddition()" classname="com.example.demo.MathServiceTest" time="0.026"/>
  <testcase name="testDivisionByZero()" classname="com.example.demo.MathServiceTest" time="0.042"/>
  <testcase name="testDivision()" classname="com.example.demo.MathServiceTest" time="0.032"/>
  <testcase name="testSubtraction()" classname="com.example.demo.MathServiceTest" time="0.019"/>
  <system-out><![CDATA[21:33:26.496 [Test worker] DEBUG org.springframework.test.context.BootstrapUtils - Instantiating CacheAwareContextLoaderDelegate from class [org.springframework.test.context.cache.DefaultCacheAwareContextLoaderDelegate]
21:33:26.518 [Test worker] DEBUG org.springframework.test.context.BootstrapUtils - Instantiating BootstrapContext using constructor [public org.springframework.test.context.support.DefaultBootstrapContext(java.lang.Class,org.springframework.test.context.CacheAwareContextLoaderDelegate)]
21:33:26.738 [Test worker] DEBUG org.springframework.test.context.BootstrapUtils - Instantiating TestContextBootstrapper for test class [com.example.demo.MathServiceTest] from class [org.springframework.boot.test.context.SpringBootTestContextBootstrapper]
21:33:26.783 [Test worker] INFO org.springframework.boot.test.context.SpringBootTestContextBootstrapper - Neither @ContextConfiguration nor @ContextHierarchy found for test class [com.example.demo.MathServiceTest], using SpringBootContextLoader
21:33:26.792 [Test worker] DEBUG org.springframework.test.context.support.AbstractContextLoader - Did not detect default resource location for test class [com.example.demo.MathServiceTest]: class path resource [com/example/demo/MathServiceTest-context.xml] does not exist
21:33:26.794 [Test worker] DEBUG org.springframework.test.context.support.AbstractContextLoader - Did not detect default resource location for test class [com.example.demo.MathServiceTest]: class path resource [com/example/demo/MathServiceTestContext.groovy] does not exist
21:33:26.796 [Test worker] INFO org.springframework.test.context.support.AbstractContextLoader - Could not detect default resource locations for test class [com.example.demo.MathServiceTest]: no resource found for suffixes {-context.xml, Context.groovy}.
21:33:26.799 [Test worker] INFO org.springframework.test.context.support.AnnotationConfigContextLoaderUtils - Could not detect default configuration classes for test class [com.example.demo.MathServiceTest]: MathServiceTest does not declare any static, non-private, non-final, nested classes annotated with @Configuration.
21:33:27.019 [Test worker] DEBUG org.springframework.test.context.support.ActiveProfilesUtils - Could not find an 'annotation declaring class' for annotation type [org.springframework.test.context.ActiveProfiles] and class [com.example.demo.MathServiceTest]
21:33:27.238 [Test worker] DEBUG org.springframework.context.annotation.ClassPathScanningCandidateComponentProvider - Identified candidate component class: file [/home/ahmedsamy/Desktop/final-project/CloudDevOpsProject/build/classes/java/main/com/example/demo/DemoApplication.class]
21:33:27.244 [Test worker] INFO org.springframework.boot.test.context.SpringBootTestContextBootstrapper - Found @SpringBootConfiguration com.example.demo.DemoApplication for test class com.example.demo.MathServiceTest
21:33:27.750 [Test worker] DEBUG org.springframework.boot.test.context.SpringBootTestContextBootstrapper - @TestExecutionListeners is not present for class [com.example.demo.MathServiceTest]: using defaults.
21:33:27.754 [Test worker] INFO org.springframework.boot.test.context.SpringBootTestContextBootstrapper - Loaded default TestExecutionListener class names from location [META-INF/spring.factories]: [org.springframework.boot.test.autoconfigure.restdocs.RestDocsTestExecutionListener, org.springframework.boot.test.autoconfigure.web.client.MockRestServiceServerResetTestExecutionListener, org.springframework.boot.test.autoconfigure.web.servlet.MockMvcPrintOnlyOnFailureTestExecutionListener, org.springframework.boot.test.autoconfigure.web.servlet.WebDriverTestExecutionListener, org.springframework.boot.test.autoconfigure.webservices.client.MockWebServiceServerTestExecutionListener, org.springframework.boot.test.mock.mockito.MockitoTestExecutionListener, org.springframework.boot.test.mock.mockito.ResetMocksTestExecutionListener, org.springframework.test.context.web.ServletTestExecutionListener, org.springframework.test.context.support.DirtiesContextBeforeModesTestExecutionListener, org.springframework.test.context.event.ApplicationEventsTestExecutionListener, org.springframework.test.context.support.DependencyInjectionTestExecutionListener, org.springframework.test.context.support.DirtiesContextTestExecutionListener, org.springframework.test.context.transaction.TransactionalTestExecutionListener, org.springframework.test.context.jdbc.SqlScriptsTestExecutionListener, org.springframework.test.context.event.EventPublishingTestExecutionListener]
21:33:27.777 [Test worker] DEBUG org.springframework.boot.test.context.SpringBootTestContextBootstrapper - Skipping candidate TestExecutionListener [org.springframework.test.context.transaction.TransactionalTestExecutionListener] due to a missing dependency. Specify custom listener classes or make the default listener classes and their required dependencies available. Offending class: [org/springframework/transaction/interceptor/TransactionAttributeSource]
21:33:27.779 [Test worker] DEBUG org.springframework.boot.test.context.SpringBootTestContextBootstrapper - Skipping candidate TestExecutionListener [org.springframework.test.context.jdbc.SqlScriptsTestExecutionListener] due to a missing dependency. Specify custom listener classes or make the default listener classes and their required dependencies available. Offending class: [org/springframework/transaction/interceptor/TransactionAttribute]
21:33:27.782 [Test worker] INFO org.springframework.boot.test.context.SpringBootTestContextBootstrapper - Using TestExecutionListeners: [org.springframework.test.context.web.ServletTestExecutionListener@45efc20d, org.springframework.test.context.support.DirtiesContextBeforeModesTestExecutionListener@3e5499cc, org.springframework.test.context.event.ApplicationEventsTestExecutionListener@67ab1c47, org.springframework.boot.test.mock.mockito.MockitoTestExecutionListener@b78a709, org.springframework.boot.test.autoconfigure.SpringBootDependencyInjectionTestExecutionListener@30bcf3c1, org.springframework.test.context.support.DirtiesContextTestExecutionListener@2a3c96e3, org.springframework.test.context.event.EventPublishingTestExecutionListener@15cafec7, org.springframework.boot.test.autoconfigure.restdocs.RestDocsTestExecutionListener@5b444398, org.springframework.boot.test.autoconfigure.web.client.MockRestServiceServerResetTestExecutionListener@cb191ca, org.springframework.boot.test.autoconfigure.web.servlet.MockMvcPrintOnlyOnFailureTestExecutionListener@42f48531, org.springframework.boot.test.autoconfigure.web.servlet.WebDriverTestExecutionListener@a776e, org.springframework.boot.test.autoconfigure.webservices.client.MockWebServiceServerTestExecutionListener@792bbc74, org.springframework.boot.test.mock.mockito.ResetMocksTestExecutionListener@79145d5a]
21:33:27.791 [Test worker] DEBUG org.springframework.test.context.support.AbstractDirtiesContextTestExecutionListener - Before test class: context [DefaultTestContext@75e91545 testClass = MathServiceTest, testInstance = [null], testMethod = [null], testException = [null], mergedContextConfiguration = [WebMergedContextConfiguration@60d1a32f testClass = MathServiceTest, locations = '{}', classes = '{class com.example.demo.DemoApplication}', contextInitializerClasses = '[]', activeProfiles = '{}', propertySourceLocations = '{}', propertySourceProperties = '{org.springframework.boot.test.context.SpringBootTestContextBootstrapper=true}', contextCustomizers = set[org.springframework.boot.test.autoconfigure.actuate.metrics.MetricsExportContextCustomizerFactory$DisableMetricExportContextCustomizer@1bd39d3c, org.springframework.boot.test.autoconfigure.properties.PropertyMappingContextCustomizer@0, org.springframework.boot.test.autoconfigure.web.servlet.WebDriverContextCustomizerFactory$Customizer@60410cd, org.springframework.boot.test.context.filter.ExcludeFilterContextCustomizer@7393222f, org.springframework.boot.test.json.DuplicateJsonObjectContextCustomizerFactory$DuplicateJsonObjectContextCustomizer@ae3540e, org.springframework.boot.test.mock.mockito.MockitoContextCustomizer@0, org.springframework.boot.test.web.client.TestRestTemplateContextCustomizer@4671115f, org.springframework.boot.test.context.SpringBootTestArgs@1, org.springframework.boot.test.context.SpringBootTestWebEnvironment@7dc0f706], resourceBasePath = 'src/main/webapp', contextLoader = 'org.springframework.boot.test.context.SpringBootContextLoader', parent = [null]], attributes = map['org.springframework.test.context.web.ServletTestExecutionListener.activateListener' -> true]], class annotated with @DirtiesContext [false] with mode [null].

  .   ____          _            __ _ _
 /\\ / ___'_ __ _ _(_)_ __  __ _ \ \ \ \
( ( )\___ | '_ | '_| | '_ \/ _` | \ \ \ \
 \\/  ___)| |_)| | | | | || (_| |  ) ) ) )
  '  |____| .__|_| |_|_| |_\__, | / / / /
 =========|_|==============|___/=/_/_/_/
 :: Spring Boot ::                (v2.6.3)

2024-12-25 21:33:29.303  INFO 118974 --- [    Test worker] com.example.demo.MathServiceTest         : Starting MathServiceTest using Java 11.0.25 on 192.168.1.12 with PID 118974 (started by ahmedsamy in /home/ahmedsamy/Desktop/final-project/CloudDevOpsProject)
2024-12-25 21:33:29.306  INFO 118974 --- [    Test worker] com.example.demo.MathServiceTest         : No active profile set, falling back to default profiles: default
2024-12-25 21:33:36.378  INFO 118974 --- [    Test worker] o.s.b.a.w.s.WelcomePageHandlerMapping    : Adding welcome page template: index
2024-12-25 21:33:37.430  INFO 118974 --- [    Test worker] com.example.demo.MathServiceTest         : Started MathServiceTest in 9.496 seconds (JVM running for 14.489)
]]></system-out>
  <system-err><![CDATA[]]></system-err>
</testsuite>
